<?xml version="1.0" encoding="UTF-8"?>
<testng-results ignored="0" total="1" passed="1" failed="0" skipped="0">
  <reporter-output>
  </reporter-output>
  <suite started-at="2020-01-22T12:23:22Z" name="Default suite" finished-at="2020-01-22T12:23:43Z" duration-ms="21083">
    <groups>
    </groups>
    <test started-at="2020-01-22T12:23:22Z" name="Default test" finished-at="2020-01-22T12:23:43Z" duration-ms="21083">
      <class name="hr.cube.qa.automatizacija.TestPage">
        <test-method is-config="true" signature="beforeMethod()[pri:0, instance:hr.cube.qa.automatizacija.TestPage@7a52f2a2]" started-at="2020-01-22T12:23:22Z" name="beforeMethod" finished-at="2020-01-22T12:23:32Z" duration-ms="10083" status="PASS">
          <reporter-output>
          </reporter-output>
        </test-method> <!-- beforeMethod -->
        <test-method signature="Test()[pri:0, instance:hr.cube.qa.automatizacija.TestPage@7a52f2a2]" started-at="2020-01-22T12:23:32Z" name="Test" finished-at="2020-01-22T12:23:42Z" duration-ms="10160" status="PASS">
          <reporter-output>
          </reporter-output>
        </test-method> <!-- Test -->
        <test-method is-config="true" signature="afterMethod()[pri:0, instance:hr.cube.qa.automatizacija.TestPage@7a52f2a2]" started-at="2020-01-22T12:23:42Z" name="afterMethod" finished-at="2020-01-22T12:23:43Z" duration-ms="797" status="PASS">
          <reporter-output>
          </reporter-output>
        </test-method> <!-- afterMethod -->
      </class> <!-- hr.cube.qa.automatizacija.TestPage -->
    </test> <!-- Default test -->
  </suite> <!-- Default suite -->
</testng-results>
